[05-Apr-2016 15:09:31] PHP Warning:  include(media-pixel-density) [<a href='function.include'>function.include</a>]: failed to open stream: No such file or directory in /Applications/MAMP/htdocs/patterns/index.php on line 52
[05-Apr-2016 15:09:31] PHP Warning:  include() [<a href='function.include'>function.include</a>]: Failed opening 'media-pixel-density' for inclusion (include_path='.:/Applications/MAMP/bin/php5.3/lib/php') in /Applications/MAMP/htdocs/patterns/index.php on line 52
[05-Apr-2016 15:09:31] PHP Fatal error:  Call to a member function find() on a non-object in /Applications/MAMP/htdocs/patterns/index.php on line 59
[05-Apr-2016 15:09:48] PHP Warning:  include(media-pixel-density) [<a href='function.include'>function.include</a>]: failed to open stream: No such file or directory in /Applications/MAMP/htdocs/patterns/index.php on line 52
[05-Apr-2016 15:09:48] PHP Warning:  include() [<a href='function.include'>function.include</a>]: Failed opening 'media-pixel-density' for inclusion (include_path='.:/Applications/MAMP/bin/php5.3/lib/php') in /Applications/MAMP/htdocs/patterns/index.php on line 52
[05-Apr-2016 15:09:48] PHP Fatal error:  Call to a member function find() on a non-object in /Applications/MAMP/htdocs/patterns/index.php on line 59
[05-Apr-2016 15:10:35] PHP Notice:  Undefined variable: m in /Applications/MAMP/htdocs/patterns/index.php on line 72
[05-Apr-2016 15:10:35] PHP Notice:  Undefined variable: n in /Applications/MAMP/htdocs/patterns/index.php on line 73
[05-Apr-2016 15:10:35] PHP Notice:  Undefined variable: data in /Applications/MAMP/htdocs/patterns/libraries/template.php on line 79
[05-Apr-2016 15:17:40] PHP Notice:  Undefined variable: m in /Applications/MAMP/htdocs/patterns/index.php on line 72
[05-Apr-2016 15:17:40] PHP Notice:  Undefined variable: n in /Applications/MAMP/htdocs/patterns/index.php on line 73
[05-Apr-2016 15:17:40] PHP Notice:  Undefined index: globaltext in /Applications/MAMP/htdocs/patterns/index.php on line 84
[05-Apr-2016 15:17:50] PHP Notice:  Undefined variable: m in /Applications/MAMP/htdocs/patterns/index.php on line 72
[05-Apr-2016 15:17:50] PHP Notice:  Undefined variable: n in /Applications/MAMP/htdocs/patterns/index.php on line 73
[05-Apr-2016 15:17:50] PHP Notice:  Undefined index: globaltext in /Applications/MAMP/htdocs/patterns/index.php on line 84
[05-Apr-2016 15:17:52] PHP Notice:  Undefined variable: m in /Applications/MAMP/htdocs/patterns/index.php on line 72
[05-Apr-2016 15:17:52] PHP Notice:  Undefined variable: n in /Applications/MAMP/htdocs/patterns/index.php on line 73
[05-Apr-2016 15:17:52] PHP Notice:  Undefined index: globaltext in /Applications/MAMP/htdocs/patterns/index.php on line 84
[05-Apr-2016 15:17:59] PHP Notice:  Undefined variable: m in /Applications/MAMP/htdocs/patterns/index.php on line 72
[05-Apr-2016 15:17:59] PHP Notice:  Undefined variable: n in /Applications/MAMP/htdocs/patterns/index.php on line 73
[05-Apr-2016 15:17:59] PHP Notice:  Undefined index: globaltext in /Applications/MAMP/htdocs/patterns/index.php on line 84
[05-Apr-2016 15:18:01] PHP Notice:  Undefined variable: m in /Applications/MAMP/htdocs/patterns/index.php on line 72
[05-Apr-2016 15:18:01] PHP Notice:  Undefined variable: n in /Applications/MAMP/htdocs/patterns/index.php on line 73
[05-Apr-2016 15:18:01] PHP Notice:  Undefined index: globaltext in /Applications/MAMP/htdocs/patterns/index.php on line 84
[05-Apr-2016 15:18:08] PHP Notice:  Undefined variable: m in /Applications/MAMP/htdocs/patterns/index.php on line 72
[05-Apr-2016 15:18:08] PHP Notice:  Undefined variable: n in /Applications/MAMP/htdocs/patterns/index.php on line 73
[05-Apr-2016 15:18:08] PHP Notice:  Undefined index: globaltext in /Applications/MAMP/htdocs/patterns/index.php on line 84
[05-Apr-2016 15:18:26] PHP Notice:  Undefined variable: m in /Applications/MAMP/htdocs/patterns/index.php on line 72
[05-Apr-2016 15:18:26] PHP Notice:  Undefined variable: n in /Applications/MAMP/htdocs/patterns/index.php on line 73
[05-Apr-2016 15:18:26] PHP Notice:  Undefined variable: data in /Applications/MAMP/htdocs/patterns/libraries/template.php on line 79
[05-Apr-2016 15:18:34] PHP Notice:  Undefined variable: m in /Applications/MAMP/htdocs/patterns/index.php on line 72
[05-Apr-2016 15:18:34] PHP Notice:  Undefined variable: n in /Applications/MAMP/htdocs/patterns/index.php on line 73
[05-Apr-2016 15:18:34] PHP Notice:  Undefined variable: data in /Applications/MAMP/htdocs/patterns/libraries/template.php on line 79
[05-Apr-2016 15:18:36] PHP Notice:  Undefined variable: m in /Applications/MAMP/htdocs/patterns/index.php on line 72
[05-Apr-2016 15:18:36] PHP Notice:  Undefined variable: n in /Applications/MAMP/htdocs/patterns/index.php on line 73
[05-Apr-2016 15:18:36] PHP Notice:  Undefined variable: data in /Applications/MAMP/htdocs/patterns/libraries/template.php on line 79
[05-Apr-2016 15:18:44] PHP Notice:  Undefined variable: m in /Applications/MAMP/htdocs/patterns/index.php on line 72
[05-Apr-2016 15:18:44] PHP Notice:  Undefined variable: n in /Applications/MAMP/htdocs/patterns/index.php on line 73
[05-Apr-2016 15:18:45] PHP Notice:  Undefined variable: data in /Applications/MAMP/htdocs/patterns/libraries/template.php on line 79
[05-Apr-2016 15:19:09] PHP Notice:  Undefined variable: m in /Applications/MAMP/htdocs/patterns/index.php on line 72
[05-Apr-2016 15:19:09] PHP Notice:  Undefined variable: n in /Applications/MAMP/htdocs/patterns/index.php on line 73
[05-Apr-2016 15:19:09] PHP Notice:  Undefined variable: data in /Applications/MAMP/htdocs/patterns/libraries/template.php on line 79
[05-Apr-2016 15:19:11] PHP Notice:  Undefined variable: m in /Applications/MAMP/htdocs/patterns/index.php on line 72
[05-Apr-2016 15:19:11] PHP Notice:  Undefined variable: n in /Applications/MAMP/htdocs/patterns/index.php on line 73
[05-Apr-2016 15:19:11] PHP Notice:  Undefined variable: data in /Applications/MAMP/htdocs/patterns/libraries/template.php on line 79
[05-Apr-2016 15:19:24] PHP Notice:  Undefined variable: m in /Applications/MAMP/htdocs/patterns/index.php on line 72
[05-Apr-2016 15:19:24] PHP Notice:  Undefined variable: n in /Applications/MAMP/htdocs/patterns/index.php on line 73
[05-Apr-2016 15:19:24] PHP Notice:  Undefined variable: data in /Applications/MAMP/htdocs/patterns/libraries/template.php on line 79
[05-Apr-2016 15:19:54] PHP Notice:  Undefined variable: m in /Applications/MAMP/htdocs/patterns/index.php on line 72
[05-Apr-2016 15:19:54] PHP Notice:  Undefined variable: n in /Applications/MAMP/htdocs/patterns/index.php on line 73
[05-Apr-2016 15:19:54] PHP Notice:  Undefined variable: data in /Applications/MAMP/htdocs/patterns/libraries/template.php on line 79
[05-Apr-2016 15:20:07] PHP Notice:  Undefined variable: m in /Applications/MAMP/htdocs/patterns/index.php on line 72
[05-Apr-2016 15:20:07] PHP Notice:  Undefined variable: n in /Applications/MAMP/htdocs/patterns/index.php on line 73
[05-Apr-2016 15:20:07] PHP Notice:  Undefined variable: data in /Applications/MAMP/htdocs/patterns/libraries/template.php on line 79
[05-Apr-2016 15:20:07] Cache
[05-Apr-2016 15:20:18] PHP Notice:  Undefined variable: m in /Applications/MAMP/htdocs/patterns/index.php on line 72
[05-Apr-2016 15:20:18] PHP Notice:  Undefined variable: n in /Applications/MAMP/htdocs/patterns/index.php on line 73
[05-Apr-2016 15:20:18] PHP Notice:  Undefined variable: data in /Applications/MAMP/htdocs/patterns/libraries/template.php on line 79
[05-Apr-2016 15:20:18] Cache
[05-Apr-2016 15:20:19] PHP Notice:  Undefined variable: m in /Applications/MAMP/htdocs/patterns/index.php on line 72
[05-Apr-2016 15:20:19] PHP Notice:  Undefined variable: n in /Applications/MAMP/htdocs/patterns/index.php on line 73
[05-Apr-2016 15:20:19] PHP Notice:  Undefined variable: data in /Applications/MAMP/htdocs/patterns/libraries/template.php on line 79
[05-Apr-2016 15:20:19] Cache
[05-Apr-2016 15:20:31] PHP Notice:  Undefined variable: m in /Applications/MAMP/htdocs/patterns/index.php on line 72
[05-Apr-2016 15:20:31] PHP Notice:  Undefined variable: n in /Applications/MAMP/htdocs/patterns/index.php on line 73
[05-Apr-2016 15:20:31] PHP Notice:  Undefined variable: data in /Applications/MAMP/htdocs/patterns/libraries/template.php on line 79
[05-Apr-2016 15:20:31] Cache
[05-Apr-2016 15:23:39] PHP Notice:  Undefined variable: m in /Applications/MAMP/htdocs/patterns/index.php on line 72
[05-Apr-2016 15:23:39] PHP Notice:  Undefined variable: n in /Applications/MAMP/htdocs/patterns/index.php on line 73
[05-Apr-2016 15:23:39] PHP Notice:  Undefined variable: data in /Applications/MAMP/htdocs/patterns/libraries/template.php on line 79
[05-Apr-2016 15:26:28] PHP Notice:  Undefined index: menu in /Applications/MAMP/htdocs/patterns/libraries/template.php on line 42
[05-Apr-2016 15:32:32] PHP Notice:  Undefined variable: m in /Applications/MAMP/htdocs/patterns/index.php on line 72
[05-Apr-2016 15:32:32] PHP Notice:  Undefined variable: n in /Applications/MAMP/htdocs/patterns/index.php on line 73
[05-Apr-2016 15:32:32] PHP Notice:  Undefined variable: data in /Applications/MAMP/htdocs/patterns/libraries/template.php on line 79
[05-Apr-2016 15:59:33] PHP Notice:  Undefined variable: m in /Applications/MAMP/htdocs/patterns/libraries/init.php on line 72
[05-Apr-2016 15:59:33] PHP Notice:  Undefined variable: n in /Applications/MAMP/htdocs/patterns/libraries/init.php on line 73
[05-Apr-2016 15:59:33] PHP Notice:  Undefined variable: data in /Applications/MAMP/htdocs/patterns/libraries/template.php on line 79
[05-Apr-2016 16:29:04] PHP Notice:  Undefined index: menu in /Applications/MAMP/htdocs/patterns/libraries/template.php on line 42
[05-Apr-2016 16:29:49] PHP Notice:  Undefined index: menu in /Applications/MAMP/htdocs/patterns/libraries/template.php on line 42
[05-Apr-2016 16:29:50] PHP Notice:  Undefined index: menu in /Applications/MAMP/htdocs/patterns/libraries/template.php on line 42
[05-Apr-2016 16:29:51] PHP Notice:  Undefined index: menu in /Applications/MAMP/htdocs/patterns/libraries/template.php on line 42
[05-Apr-2016 16:30:39] PHP Notice:  Undefined index: menu in /Applications/MAMP/htdocs/patterns/libraries/template.php on line 42
[05-Apr-2016 16:33:26] PHP Notice:  Undefined index: menu in /Applications/MAMP/htdocs/patterns/libraries/template.php on line 42
[05-Apr-2016 16:33:29] PHP Warning:  include(team) [<a href='function.include'>function.include</a>]: failed to open stream: No such file or directory in /Applications/MAMP/htdocs/patterns/libraries/init.php on line 52
[05-Apr-2016 16:33:29] PHP Warning:  include() [<a href='function.include'>function.include</a>]: Failed opening 'team' for inclusion (include_path='.:/Applications/MAMP/bin/php5.3/lib/php') in /Applications/MAMP/htdocs/patterns/libraries/init.php on line 52
[05-Apr-2016 16:33:29] PHP Fatal error:  Call to a member function find() on a non-object in /Applications/MAMP/htdocs/patterns/libraries/init.php on line 59
[05-Apr-2016 16:34:03] PHP Warning:  include(downloads) [<a href='function.include'>function.include</a>]: failed to open stream: No such file or directory in /Applications/MAMP/htdocs/patterns/libraries/init.php on line 52
[05-Apr-2016 16:34:03] PHP Warning:  include() [<a href='function.include'>function.include</a>]: Failed opening 'downloads' for inclusion (include_path='.:/Applications/MAMP/bin/php5.3/lib/php') in /Applications/MAMP/htdocs/patterns/libraries/init.php on line 52
[05-Apr-2016 16:34:03] PHP Fatal error:  Call to a member function find() on a non-object in /Applications/MAMP/htdocs/patterns/libraries/init.php on line 59
[05-Apr-2016 16:35:42] PHP Notice:  Undefined index: menu in /Applications/MAMP/htdocs/patterns/libraries/template.php on line 42
[05-Apr-2016 16:35:43] PHP Notice:  Undefined index: menu in /Applications/MAMP/htdocs/patterns/libraries/template.php on line 42
[05-Apr-2016 16:37:03] PHP Warning:  include(/Applications/MAMP/htdocs/patterns/downloads) [<a href='function.include'>function.include</a>]: failed to open stream: No such file or directory in /Applications/MAMP/htdocs/patterns/libraries/init.php on line 52
[05-Apr-2016 16:37:03] PHP Warning:  include() [<a href='function.include'>function.include</a>]: Failed opening 'downloads' for inclusion (include_path='.:/Applications/MAMP/bin/php5.3/lib/php') in /Applications/MAMP/htdocs/patterns/libraries/init.php on line 52
[05-Apr-2016 16:37:03] PHP Fatal error:  Call to a member function find() on a non-object in /Applications/MAMP/htdocs/patterns/libraries/init.php on line 59
[05-Apr-2016 16:37:19] PHP Warning:  include(starter_kit.zip) [<a href='function.include'>function.include</a>]: failed to open stream: No such file or directory in /Applications/MAMP/htdocs/patterns/libraries/init.php on line 52
[05-Apr-2016 16:37:19] PHP Warning:  include() [<a href='function.include'>function.include</a>]: Failed opening 'starter_kit.zip' for inclusion (include_path='.:/Applications/MAMP/bin/php5.3/lib/php') in /Applications/MAMP/htdocs/patterns/libraries/init.php on line 52
[05-Apr-2016 16:37:19] PHP Fatal error:  Call to a member function find() on a non-object in /Applications/MAMP/htdocs/patterns/libraries/init.php on line 59
[05-Apr-2016 16:38:12] PHP Notice:  Undefined index: menu in /Applications/MAMP/htdocs/patterns/libraries/template.php on line 42
[06-Apr-2016 11:49:16] PHP Notice:  Undefined index: menu in /Applications/MAMP/htdocs/patterns/libraries/template.php on line 42
[06-Apr-2016 13:41:46] PHP Notice:  Undefined variable: m in /Applications/MAMP/htdocs/patterns/libraries/init.php on line 58
[06-Apr-2016 13:41:46] PHP Notice:  Undefined variable: n in /Applications/MAMP/htdocs/patterns/libraries/init.php on line 59
[06-Apr-2016 13:41:46] PHP Notice:  Undefined variable: data in /Applications/MAMP/htdocs/patterns/libraries/template.php on line 79
[06-Apr-2016 15:05:20] PHP Notice:  Undefined variable: m in /Applications/MAMP/htdocs/patterns/libraries/init.php on line 58
[06-Apr-2016 15:05:20] PHP Notice:  Undefined variable: n in /Applications/MAMP/htdocs/patterns/libraries/init.php on line 59
[06-Apr-2016 15:05:20] PHP Notice:  Undefined variable: data in /Applications/MAMP/htdocs/patterns/libraries/template.php on line 79
